<?xml version="1.0" encoding="UTF-8"?>
<testsuite name="org.example.PasswordValidatorTest" tests="5" skipped="0" failures="0" errors="0" timestamp="2022-09-04T23:46:24" hostname="woolui-MacBookPro.local" time="0.033">
  <properties/>
  <testcase name="[1] 12345678" classname="org.example.PasswordValidatorTest" time="0.029"/>
  <testcase name="[2] 1234567890123456" classname="org.example.PasswordValidatorTest" time="0.001"/>
  <testcase name="비밀번호가 9자 미만인 경우 Exception 발생" classname="org.example.PasswordValidatorTest" time="0.001"/>
  <testcase name="비밀번호가 최소 9자 이상 15자 이하면 정상" classname="org.example.PasswordValidatorTest" time="0.0"/>
  <testcase name="비밀번호가 15자 초과인 경우 Exception 발생" classname="org.example.PasswordValidatorTest" time="0.001"/>
  <system-out><![CDATA[]]></system-out>
  <system-err><![CDATA[]]></system-err>
</testsuite>
